TN:
SF:controllers\analyticsController.js
FN:12,(anonymous_0)
FN:130,(anonymous_1)
FN:135,(anonymous_2)
FN:143,(anonymous_3)
FN:163,(anonymous_4)
FN:240,(anonymous_5)
FN:242,(anonymous_6)
FN:243,(anonymous_7)
FN:279,(anonymous_8)
FN:280,(anonymous_9)
FN:281,(anonymous_10)
FN:300,(anonymous_11)
FN:309,(anonymous_12)
FN:315,(anonymous_13)
FN:326,(anonymous_14)
FN:340,(anonymous_15)
FN:361,(anonymous_16)
FN:444,(anonymous_17)
FN:466,(anonymous_18)
FNF:19
FNH:0
FNDA:0,(anonymous_0)
FNDA:0,(anonymous_1)
FNDA:0,(anonymous_2)
FNDA:0,(anonymous_3)
FNDA:0,(anonymous_4)
FNDA:0,(anonymous_5)
FNDA:0,(anonymous_6)
FNDA:0,(anonymous_7)
FNDA:0,(anonymous_8)
FNDA:0,(anonymous_9)
FNDA:0,(anonymous_10)
FNDA:0,(anonymous_11)
FNDA:0,(anonymous_12)
FNDA:0,(anonymous_13)
FNDA:0,(anonymous_14)
FNDA:0,(anonymous_15)
FNDA:0,(anonymous_16)
FNDA:0,(anonymous_17)
FNDA:0,(anonymous_18)
DA:12,0
DA:13,0
DA:14,0
DA:17,0
DA:18,0
DA:21,0
DA:38,0
DA:41,0
DA:58,0
DA:79,0
DA:94,0
DA:95,0
DA:96,0
DA:98,0
DA:111,0
DA:112,0
DA:113,0
DA:115,0
DA:116,0
DA:117,0
DA:119,0
DA:130,0
DA:135,0
DA:143,0
DA:154,0
DA:155,0
DA:163,0
DA:164,0
DA:165,0
DA:167,0
DA:168,0
DA:171,0
DA:192,0
DA:212,0
DA:227,0
DA:240,0
DA:241,0
DA:242,0
DA:243,0
DA:244,0
DA:247,0
DA:261,0
DA:278,0
DA:279,0
DA:280,0
DA:281,0
DA:284,0
DA:296,0
DA:297,0
DA:299,0
DA:300,0
DA:309,0
DA:315,0
DA:326,0
DA:340,0
DA:352,0
DA:353,0
DA:361,0
DA:362,0
DA:363,0
DA:365,0
DA:366,0
DA:369,0
DA:386,0
DA:405,0
DA:418,0
DA:419,0
DA:420,0
DA:421,0
DA:422,0
DA:423,0
DA:425,0
DA:444,0
DA:457,0
DA:458,0
DA:466,0
DA:467,0
DA:468,0
DA:469,0
DA:470,0
DA:471,0
DA:474,0
DA:486,0
DA:498,0
DA:510,0
DA:515,0
DA:517,0
DA:534,0
DA:535,0
LF:89
LH:0
BRDA:14,0,0,0
BRDA:17,1,0,0
BRDA:17,1,1,0
BRDA:18,2,0,0
BRDA:18,2,1,0
BRDA:38,3,0,0
BRDA:38,3,1,0
BRDA:39,4,0,0
BRDA:39,4,1,0
BRDA:111,5,0,0
BRDA:111,5,1,0
BRDA:112,6,0,0
BRDA:112,6,1,0
BRDA:113,7,0,0
BRDA:113,7,1,0
BRDA:115,8,0,0
BRDA:115,8,1,0
BRDA:116,9,0,0
BRDA:116,9,1,0
BRDA:117,10,0,0
BRDA:117,10,1,0
BRDA:121,11,0,0
BRDA:121,11,1,0
BRDA:122,12,0,0
BRDA:122,12,1,0
BRDA:123,13,0,0
BRDA:123,13,1,0
BRDA:124,14,0,0
BRDA:124,14,1,0
BRDA:125,15,0,0
BRDA:125,15,1,0
BRDA:126,16,0,0
BRDA:126,16,1,0
BRDA:132,17,0,0
BRDA:132,17,1,0
BRDA:133,18,0,0
BRDA:133,18,1,0
BRDA:139,19,0,0
BRDA:139,19,1,0
BRDA:140,20,0,0
BRDA:140,20,1,0
BRDA:141,21,0,0
BRDA:141,21,1,0
BRDA:145,22,0,0
BRDA:145,22,1,0
BRDA:146,23,0,0
BRDA:146,23,1,0
BRDA:167,24,0,0
BRDA:167,24,1,0
BRDA:168,25,0,0
BRDA:168,25,1,0
BRDA:244,26,0,0
BRDA:244,26,1,0
BRDA:296,27,0,0
BRDA:296,27,1,0
BRDA:297,28,0,0
BRDA:297,28,1,0
BRDA:305,29,0,0
BRDA:305,29,1,0
BRDA:313,30,0,0
BRDA:313,30,1,0
BRDA:332,31,0,0
BRDA:332,31,1,0
BRDA:333,32,0,0
BRDA:333,32,1,0
BRDA:365,33,0,0
BRDA:365,33,1,0
BRDA:366,34,0,0
BRDA:366,34,1,0
BRDA:418,35,0,0
BRDA:418,35,1,0
BRDA:419,36,0,0
BRDA:419,36,1,0
BRDA:420,37,0,0
BRDA:420,37,1,0
BRDA:421,38,0,0
BRDA:421,38,1,0
BRDA:422,39,0,0
BRDA:422,39,1,0
BRDA:423,40,0,0
BRDA:423,40,1,0
BRDA:433,41,0,0
BRDA:433,41,1,0
BRDA:434,42,0,0
BRDA:434,42,1,0
BRDA:435,43,0,0
BRDA:435,43,1,0
BRDA:440,44,0,0
BRDA:440,44,1,0
BRDA:441,45,0,0
BRDA:441,45,1,0
BRDA:442,46,0,0
BRDA:442,46,1,0
BRDA:446,47,0,0
BRDA:446,47,1,0
BRDA:447,48,0,0
BRDA:447,48,1,0
BRDA:448,49,0,0
BRDA:448,49,1,0
BRDA:449,50,0,0
BRDA:449,50,1,0
BRDA:519,51,0,0
BRDA:519,51,1,0
BRDA:520,52,0,0
BRDA:520,52,1,0
BRDA:523,53,0,0
BRDA:523,53,1,0
BRDA:524,54,0,0
BRDA:524,54,1,0
BRDA:527,55,0,0
BRDA:527,55,1,0
BRDA:528,56,0,0
BRDA:528,56,1,0
BRF:113
BRH:0
end_of_record
TN:
SF:controllers\busBookingController.js
FN:20,(anonymous_0)
FN:65,(anonymous_1)
FN:74,(anonymous_2)
FN:125,(anonymous_3)
FN:161,(anonymous_4)
FN:281,(anonymous_5)
FN:362,(anonymous_6)
FN:473,(anonymous_7)
FN:539,(anonymous_8)
FN:575,(anonymous_9)
FN:614,(anonymous_10)
FN:641,(anonymous_11)
FN:682,(anonymous_12)
FN:779,(anonymous_13)
FN:819,(anonymous_14)
FN:844,(anonymous_15)
FN:889,(anonymous_16)
FN:918,(anonymous_17)
FN:1044,(anonymous_18)
FN:1082,(anonymous_19)
FN:1160,(anonymous_20)
FN:1210,(anonymous_21)
FN:1286,(anonymous_22)
FN:1343,(anonymous_23)
FN:1361,(anonymous_24)
FN:1412,(anonymous_25)
FN:1458,(anonymous_26)
FN:1614,(anonymous_27)
FN:1661,(anonymous_28)
FNF:29
FNH:0
FNDA:0,(anonymous_0)
FNDA:0,(anonymous_1)
FNDA:0,(anonymous_2)
FNDA:0,(anonymous_3)
FNDA:0,(anonymous_4)
FNDA:0,(anonymous_5)
FNDA:0,(anonymous_6)
FNDA:0,(anonymous_7)
FNDA:0,(anonymous_8)
FNDA:0,(anonymous_9)
FNDA:0,(anonymous_10)
FNDA:0,(anonymous_11)
FNDA:0,(anonymous_12)
FNDA:0,(anonymous_13)
FNDA:0,(anonymous_14)
FNDA:0,(anonymous_15)
FNDA:0,(anonymous_16)
FNDA:0,(anonymous_17)
FNDA:0,(anonymous_18)
FNDA:0,(anonymous_19)
FNDA:0,(anonymous_20)
FNDA:0,(anonymous_21)
FNDA:0,(anonymous_22)
FNDA:0,(anonymous_23)
FNDA:0,(anonymous_24)
FNDA:0,(anonymous_25)
FNDA:0,(anonymous_26)
FNDA:0,(anonymous_27)
FNDA:0,(anonymous_28)
DA:20,0
DA:21,0
DA:22,0
DA:35,0
DA:37,0
DA:39,0
DA:42,0
DA:43,0
DA:44,0
DA:50,0
DA:51,0
DA:52,0
DA:53,0
DA:57,0
DA:58,0
DA:61,0
DA:62,0
DA:65,0
DA:72,0
DA:73,0
DA:74,0
DA:77,0
DA:78,0
DA:79,0
DA:80,0
DA:88,0
DA:89,0
DA:90,0
DA:91,0
DA:92,0
DA:95,0
DA:119,0
DA:120,0
DA:125,0
DA:131,0
DA:134,0
DA:136,0
DA:151,0
DA:152,0
DA:153,0
DA:161,0
DA:162,0
DA:163,0
DA:165,0
DA:167,0
DA:168,0
DA:169,0
DA:173,0
DA:176,0
DA:178,0
DA:179,0
DA:180,0
DA:185,0
DA:187,0
DA:190,0
DA:193,0
DA:195,0
DA:198,0
DA:199,0
DA:200,0
DA:203,0
DA:205,0
DA:208,0
DA:209,0
DA:210,0
DA:214,0
DA:217,0
DA:219,0
DA:222,0
DA:224,0
DA:226,0
DA:228,0
DA:229,0
DA:230,0
DA:233,0
DA:234,0
DA:236,0
DA:237,0
DA:238,0
DA:241,0
DA:244,0
DA:262,0
DA:265,0
DA:267,0
DA:269,0
DA:273,0
DA:274,0
DA:281,0
DA:282,0
DA:283,0
DA:284,0
DA:285,0
DA:286,0
DA:289,0
DA:290,0
DA:291,0
DA:297,0
DA:298,0
DA:299,0
DA:300,0
DA:301,0
DA:306,0
DA:307,0
DA:308,0
DA:309,0
DA:315,0
DA:316,0
DA:317,0
DA:318,0
DA:323,0
DA:325,0
DA:330,0
DA:331,0
DA:332,0
DA:335,0
DA:336,0
DA:337,0
DA:343,0
DA:344,0
DA:345,0
DA:346,0
DA:347,0
DA:351,0
DA:352,0
DA:353,0
DA:354,0
DA:357,0
DA:362,0
DA:370,0
DA:371,0
DA:372,0
DA:373,0
DA:374,0
DA:375,0
DA:376,0
DA:377,0
DA:379,0
DA:381,0
DA:382,0
DA:384,0
DA:387,0
DA:390,0
DA:393,0
DA:394,0
DA:395,0
DA:397,0
DA:399,0
DA:400,0
DA:418,0
DA:419,0
DA:420,0
DA:421,0
DA:423,0
DA:427,0
DA:433,0
DA:438,0
DA:442,0
DA:443,0
DA:444,0
DA:445,0
DA:446,0
DA:447,0
DA:448,0
DA:449,0
DA:451,0
DA:455,0
DA:456,0
DA:459,0
DA:464,0
DA:465,0
DA:466,0
DA:473,0
DA:474,0
DA:475,0
DA:476,0
DA:477,0
DA:479,0
DA:480,0
DA:482,0
DA:484,0
DA:485,0
DA:486,0
DA:489,0
DA:494,0
DA:495,0
DA:496,0
DA:498,0
DA:499,0
DA:503,0
DA:525,0
DA:527,0
DA:529,0
DA:530,0
DA:532,0
DA:539,0
DA:540,0
DA:541,0
DA:543,0
DA:544,0
DA:545,0
DA:548,0
DA:550,0
DA:557,0
DA:567,0
DA:568,0
DA:575,0
DA:576,0
DA:577,0
DA:578,0
DA:579,0
DA:581,0
DA:582,0
DA:583,0
DA:586,0
DA:600,0
DA:601,0
DA:604,0
DA:606,0
DA:607,0
DA:614,0
DA:615,0
DA:616,0
DA:617,0
DA:618,0
DA:620,0
DA:621,0
DA:622,0
DA:625,0
DA:627,0
DA:628,0
DA:631,0
DA:633,0
DA:634,0
DA:641,0
DA:642,0
DA:643,0
DA:644,0
DA:645,0
DA:646,0
DA:648,0
DA:653,0
DA:654,0
DA:655,0
DA:659,0
DA:661,0
DA:662,0
DA:663,0
DA:669,0
DA:670,0
DA:671,0
DA:672,0
DA:676,0
DA:677,0
DA:682,0
DA:688,0
DA:691,0
DA:692,0
DA:703,0
DA:708,0
DA:709,0
DA:710,0
DA:711,0
DA:712,0
DA:713,0
DA:714,0
DA:715,0
DA:717,0
DA:719,0
DA:720,0
DA:722,0
DA:725,0
DA:728,0
DA:731,0
DA:732,0
DA:733,0
DA:735,0
DA:737,0
DA:738,0
DA:752,0
DA:757,0
DA:762,0
DA:765,0
DA:770,0
DA:771,0
DA:772,0
DA:779,0
DA:780,0
DA:781,0
DA:782,0
DA:783,0
DA:785,0
DA:789,0
DA:790,0
DA:793,0
DA:794,0
DA:800,0
DA:801,0
DA:804,0
DA:806,0
DA:811,0
DA:812,0
DA:819,0
DA:820,0
DA:821,0
DA:823,0
DA:825,0
DA:826,0
DA:829,0
DA:830,0
DA:831,0
DA:832,0
DA:834,0
DA:836,0
DA:837,0
DA:844,0
DA:845,0
DA:846,0
DA:847,0
DA:855,0
DA:856,0
DA:857,0
DA:860,0
DA:872,0
DA:874,0
DA:879,0
DA:880,0
DA:881,0
DA:889,0
DA:890,0
DA:891,0
DA:892,0
DA:894,0
DA:896,0
DA:897,0
DA:898,0
DA:901,0
DA:902,0
DA:903,0
DA:909,0
DA:910,0
DA:913,0
DA:918,0
DA:926,0
DA:927,0
DA:928,0
DA:929,0
DA:930,0
DA:931,0
DA:932,0
DA:933,0
DA:935,0
DA:937,0
DA:938,0
DA:940,0
DA:943,0
DA:946,0
DA:949,0
DA:950,0
DA:952,0
DA:954,0
DA:955,0
DA:956,0
DA:958,0
DA:960,0
DA:961,0
DA:962,0
DA:966,0
DA:967,0
DA:985,0
DA:986,0
DA:987,0
DA:988,0
DA:990,0
DA:994,0
DA:1000,0
DA:1003,0
DA:1008,0
DA:1012,0
DA:1013,0
DA:1014,0
DA:1015,0
DA:1016,0
DA:1017,0
DA:1018,0
DA:1019,0
DA:1021,0
DA:1025,0
DA:1026,0
DA:1029,0
DA:1034,0
DA:1035,0
DA:1036,0
DA:1044,0
DA:1045,0
DA:1046,0
DA:1047,0
DA:1048,0
DA:1050,0
DA:1052,0
DA:1053,0
DA:1054,0
DA:1057,0
DA:1060,0
DA:1061,0
DA:1062,0
DA:1068,0
DA:1071,0
DA:1072,0
DA:1073,0
DA:1074,0
DA:1077,0
DA:1082,0
DA:1088,0
DA:1091,0
DA:1092,0
DA:1094,0
DA:1096,0
DA:1097,0
DA:1098,0
DA:1100,0
DA:1102,0
DA:1103,0
DA:1104,0
DA:1108,0
DA:1109,0
DA:1128,0
DA:1133,0
DA:1136,0
DA:1141,0
DA:1144,0
DA:1150,0
DA:1151,0
DA:1152,0
DA:1160,0
DA:1161,0
DA:1162,0
DA:1176,0
DA:1179,0
DA:1180,0
DA:1181,0
DA:1187,0
DA:1188,0
DA:1189,0
DA:1195,0
DA:1196,0
DA:1197,0
DA:1198,0
DA:1202,0
DA:1203,0
DA:1206,0
DA:1207,0
DA:1210,0
DA:1217,0
DA:1218,0
DA:1219,0
DA:1226,0
DA:1235,0
DA:1237,0
DA:1238,0
DA:1253,0
DA:1256,0
DA:1280,0
DA:1281,0
DA:1286,0
DA:1294,0
DA:1316,0
DA:1333,0
DA:1334,0
DA:1335,0
DA:1343,0
DA:1344,0
DA:1347,0
DA:1349,0
DA:1350,0
DA:1361,0
DA:1362,0
DA:1363,0
DA:1365,0
DA:1366,0
DA:1369,0
DA:1370,0
DA:1373,0
DA:1382,0
DA:1383,0
DA:1386,0
DA:1389,0
DA:1390,0
DA:1391,0
DA:1392,0
DA:1395,0
DA:1396,0
DA:1397,0
DA:1399,0
DA:1401,0
DA:1403,0
DA:1404,0
DA:1412,0
DA:1413,0
DA:1414,0
DA:1416,0
DA:1417,0
DA:1420,0
DA:1433,0
DA:1434,0
DA:1438,0
DA:1439,0
DA:1440,0
DA:1444,0
DA:1445,0
DA:1446,0
DA:1448,0
DA:1450,0
DA:1451,0
DA:1458,0
DA:1459,0
DA:1460,0
DA:1461,0
DA:1462,0
DA:1465,0
DA:1466,0
DA:1467,0
DA:1473,0
DA:1474,0
DA:1475,0
DA:1476,0
DA:1477,0
DA:1482,0
DA:1483,0
DA:1484,0
DA:1485,0
DA:1491,0
DA:1492,0
DA:1493,0
DA:1499,0
DA:1513,0
DA:1514,0
DA:1515,0
DA:1521,0
DA:1522,0
DA:1523,0
DA:1528,0
DA:1529,0
DA:1530,0
DA:1536,0
DA:1537,0
DA:1538,0
DA:1539,0
DA:1540,0
DA:1544,0
DA:1545,0
DA:1546,0
DA:1547,0
DA:1550,0
DA:1551,0
DA:1552,0
DA:1553,0
DA:1554,0
DA:1558,0
DA:1561,0
DA:1563,0
DA:1572,0
DA:1573,0
DA:1575,0
DA:1576,0
DA:1586,0
DA:1587,0
DA:1589,0
DA:1592,0
DA:1596,0
DA:1601,0
DA:1602,0
DA:1603,0
DA:1614,0
DA:1615,0
DA:1616,0
DA:1617,0
DA:1620,0
DA:1627,0
DA:1628,0
DA:1632,0
DA:1633,0
DA:1639,0
DA:1640,0
DA:1643,0
DA:1644,0
DA:1645,0
DA:1647,0
DA:1649,0
DA:1650,0
DA:1661,0
DA:1662,0
DA:1663,0
DA:1664,0
DA:1665,0
DA:1668,0
DA:1675,0
DA:1676,0
DA:1680,0
DA:1681,0
DA:1687,0
DA:1688,0
DA:1689,0
DA:1693,0
DA:1696,0
DA:1714,0
DA:1715,0
DA:1722,0
DA:1727,0
DA:1728,0
LF:609
LH:0
BRDA:42,0,0,0
BRDA:42,0,1,0
BRDA:42,1,0,0
BRDA:42,1,1,0
BRDA:51,2,0,0
BRDA:51,2,1,0
BRDA:61,3,0,0
BRDA:61,3,1,0
BRDA:73,4,0,0
BRDA:73,4,1,0
BRDA:77,5,0,0
BRDA:77,5,1,0
BRDA:89,6,0,0
BRDA:89,6,1,0
BRDA:112,7,0,0
BRDA:112,7,1,0
BRDA:113,8,0,0
BRDA:113,8,1,0
BRDA:119,9,0,0
BRDA:119,9,1,0
BRDA:167,10,0,0
BRDA:167,10,1,0
BRDA:176,11,0,0
BRDA:176,11,1,0
BRDA:178,12,0,0
BRDA:178,12,1,0
BRDA:185,13,0,0
BRDA:185,13,1,0
BRDA:198,14,0,0
BRDA:198,14,1,0
BRDA:208,15,0,0
BRDA:208,15,1,0
BRDA:217,16,0,0
BRDA:217,16,1,0
BRDA:222,17,0,0
BRDA:222,17,1,0
BRDA:228,18,0,0
BRDA:228,18,1,0
BRDA:233,19,0,0
BRDA:233,19,1,0
BRDA:234,20,0,0
BRDA:234,20,1,0
BRDA:236,21,0,0
BRDA:236,21,1,0
BRDA:255,22,0,0
BRDA:255,22,1,0
BRDA:289,23,0,0
BRDA:289,23,1,0
BRDA:298,24,0,0
BRDA:298,24,1,0
BRDA:306,25,0,0
BRDA:306,25,1,0
BRDA:315,26,0,0
BRDA:315,26,1,0
BRDA:330,27,0,0
BRDA:330,27,1,0
BRDA:335,28,0,0
BRDA:335,28,1,0
BRDA:343,29,0,0
BRDA:343,29,1,0
BRDA:343,30,0,0
BRDA:343,30,1,0
BRDA:371,31,0,0
BRDA:371,31,1,0
BRDA:373,32,0,0
BRDA:373,32,1,0
BRDA:395,33,0,0
BRDA:395,33,1,0
BRDA:395,34,0,0
BRDA:395,34,1,0
BRDA:399,35,0,0
BRDA:399,35,1,0
BRDA:411,36,0,0
BRDA:411,36,1,0
BRDA:445,37,0,0
BRDA:445,37,1,0
BRDA:446,38,0,0
BRDA:446,38,1,0
BRDA:480,39,0,0
BRDA:480,39,1,0
BRDA:482,40,0,0
BRDA:482,40,1,0
BRDA:485,41,0,0
BRDA:485,41,1,0
BRDA:498,42,0,0
BRDA:498,42,1,0
BRDA:498,42,2,0
BRDA:527,43,0,0
BRDA:527,43,1,0
BRDA:529,44,0,0
BRDA:529,44,1,0
BRDA:530,45,0,0
BRDA:530,45,1,0
BRDA:532,46,0,0
BRDA:532,46,1,0
BRDA:541,47,0,0
BRDA:541,48,0,0
BRDA:544,49,0,0
BRDA:544,49,1,0
BRDA:582,50,0,0
BRDA:582,50,1,0
BRDA:600,51,0,0
BRDA:600,51,1,0
BRDA:621,52,0,0
BRDA:621,52,1,0
BRDA:627,53,0,0
BRDA:627,53,1,0
BRDA:653,54,0,0
BRDA:653,54,1,0
BRDA:661,55,0,0
BRDA:661,55,1,0
BRDA:670,56,0,0
BRDA:670,56,1,0
BRDA:676,57,0,0
BRDA:676,57,1,0
BRDA:676,58,0,0
BRDA:676,58,1,0
BRDA:676,58,2,0
BRDA:691,59,0,0
BRDA:691,59,1,0
BRDA:709,60,0,0
BRDA:709,60,1,0
BRDA:709,61,0,0
BRDA:709,61,1,0
BRDA:711,62,0,0
BRDA:711,62,1,0
BRDA:712,63,0,0
BRDA:712,63,1,0
BRDA:712,63,2,0
BRDA:733,64,0,0
BRDA:733,64,1,0
BRDA:733,65,0,0
BRDA:733,65,1,0
BRDA:737,66,0,0
BRDA:737,66,1,0
BRDA:789,67,0,0
BRDA:789,67,1,0
BRDA:793,68,0,0
BRDA:793,68,1,0
BRDA:800,69,0,0
BRDA:800,69,1,0
BRDA:825,70,0,0
BRDA:825,70,1,0
BRDA:896,71,0,0
BRDA:896,71,1,0
BRDA:901,72,0,0
BRDA:901,72,1,0
BRDA:927,73,0,0
BRDA:927,73,1,0
BRDA:929,74,0,0
BRDA:929,74,1,0
BRDA:952,75,0,0
BRDA:952,75,1,0
BRDA:955,76,0,0
BRDA:955,76,1,0
BRDA:956,77,0,0
BRDA:956,77,1,0
BRDA:958,78,0,0
BRDA:958,78,1,0
BRDA:961,79,0,0
BRDA:961,79,1,0
BRDA:966,80,0,0
BRDA:966,80,1,0
BRDA:978,81,0,0
BRDA:978,81,1,0
BRDA:996,82,0,0
BRDA:996,82,1,0
BRDA:1015,83,0,0
BRDA:1015,83,1,0
BRDA:1016,84,0,0
BRDA:1016,84,1,0
BRDA:1052,85,0,0
BRDA:1052,85,1,0
BRDA:1060,86,0,0
BRDA:1060,86,1,0
BRDA:1072,87,0,0
BRDA:1072,87,1,0
BRDA:1094,88,0,0
BRDA:1094,88,1,0
BRDA:1097,89,0,0
BRDA:1097,89,1,0
BRDA:1098,90,0,0
BRDA:1098,90,1,0
BRDA:1100,91,0,0
BRDA:1100,91,1,0
BRDA:1103,92,0,0
BRDA:1103,92,1,0
BRDA:1108,93,0,0
BRDA:1108,93,1,0
BRDA:1120,94,0,0
BRDA:1120,94,1,0
BRDA:1130,95,0,0
BRDA:1130,95,1,0
BRDA:1147,96,0,0
BRDA:1147,96,1,0
BRDA:1179,97,0,0
BRDA:1179,97,1,0
BRDA:1179,98,0,0
BRDA:1179,98,1,0
BRDA:1179,98,2,0
BRDA:1187,99,0,0
BRDA:1187,99,1,0
BRDA:1187,100,0,0
BRDA:1187,100,1,0
BRDA:1196,101,0,0
BRDA:1196,101,1,0
BRDA:1206,102,0,0
BRDA:1206,102,1,0
BRDA:1217,103,0,0
BRDA:1217,103,1,0
BRDA:1235,104,0,0
BRDA:1235,104,1,0
BRDA:1245,105,0,0
BRDA:1245,105,1,0
BRDA:1245,105,2,0
BRDA:1273,106,0,0
BRDA:1273,106,1,0
BRDA:1274,107,0,0
BRDA:1274,107,1,0
BRDA:1280,108,0,0
BRDA:1280,108,1,0
BRDA:1365,109,0,0
BRDA:1365,109,1,0
BRDA:1365,110,0,0
BRDA:1365,110,1,0
BRDA:1369,111,0,0
BRDA:1369,111,1,0
BRDA:1382,112,0,0
BRDA:1382,112,1,0
BRDA:1395,113,0,0
BRDA:1395,113,1,0
BRDA:1395,114,0,0
BRDA:1395,114,1,0
BRDA:1396,115,0,0
BRDA:1396,115,1,0
BRDA:1396,115,2,0
BRDA:1396,116,0,0
BRDA:1396,116,1,0
BRDA:1396,116,2,0
BRDA:1399,117,0,0
BRDA:1399,117,1,0
BRDA:1416,118,0,0
BRDA:1416,118,1,0
BRDA:1416,119,0,0
BRDA:1416,119,1,0
BRDA:1433,120,0,0
BRDA:1433,120,1,0
BRDA:1439,121,0,0
BRDA:1439,121,1,0
BRDA:1439,122,0,0
BRDA:1439,122,1,0
BRDA:1465,123,0,0
BRDA:1465,123,1,0
BRDA:1474,124,0,0
BRDA:1474,124,1,0
BRDA:1482,125,0,0
BRDA:1482,125,1,0
BRDA:1491,126,0,0
BRDA:1491,126,1,0
BRDA:1491,127,0,0
BRDA:1491,127,1,0
BRDA:1506,128,0,0
BRDA:1506,128,1,0
BRDA:1507,129,0,0
BRDA:1507,129,1,0
BRDA:1513,130,0,0
BRDA:1513,130,1,0
BRDA:1521,131,0,0
BRDA:1521,131,1,0
BRDA:1528,132,0,0
BRDA:1528,132,1,0
BRDA:1536,133,0,0
BRDA:1536,133,1,0
BRDA:1536,134,0,0
BRDA:1536,134,1,0
BRDA:1550,135,0,0
BRDA:1550,135,1,0
BRDA:1552,136,0,0
BRDA:1552,136,1,0
BRDA:1572,137,0,0
BRDA:1572,137,1,0
BRDA:1573,138,0,0
BRDA:1573,138,1,0
BRDA:1575,139,0,0
BRDA:1575,139,1,0
BRDA:1581,140,0,0
BRDA:1581,140,1,0
BRDA:1627,141,0,0
BRDA:1627,141,1,0
BRDA:1632,142,0,0
BRDA:1632,142,1,0
BRDA:1632,143,0,0
BRDA:1632,143,1,0
BRDA:1675,144,0,0
BRDA:1675,144,1,0
BRDA:1680,145,0,0
BRDA:1680,145,1,0
BRDA:1680,146,0,0
BRDA:1680,146,1,0
BRDA:1688,147,0,0
BRDA:1688,147,1,0
BRDA:1707,148,0,0
BRDA:1707,148,1,0
BRDA:1714,149,0,0
BRDA:1714,149,1,0
BRF:305
BRH:0
end_of_record
TN:
SF:controllers\busController.js
FN:8,normalizeAmenities
FN:10,(anonymous_1)
FN:10,(anonymous_2)
FN:13,(anonymous_3)
FN:34,(anonymous_4)
FN:49,(anonymous_5)
FN:59,(anonymous_6)
FN:74,(anonymous_7)
FN:87,(anonymous_8)
FNF:9
FNH:0
FNDA:0,normalizeAmenities
FNDA:0,(anonymous_1)
FNDA:0,(anonymous_2)
FNDA:0,(anonymous_3)
FNDA:0,(anonymous_4)
FNDA:0,(anonymous_5)
FNDA:0,(anonymous_6)
FNDA:0,(anonymous_7)
FNDA:0,(anonymous_8)
DA:6,0
DA:9,0
DA:10,0
DA:13,0
DA:14,0
DA:15,0
DA:16,0
DA:17,0
DA:28,0
DA:30,0
DA:34,0
DA:35,0
DA:36,0
DA:37,0
DA:39,0
DA:40,0
DA:42,0
DA:43,0
DA:45,0
DA:49,0
DA:50,0
DA:51,0
DA:52,0
DA:53,0
DA:55,0
DA:59,0
DA:60,0
DA:61,0
DA:62,0
DA:64,0
DA:65,0
DA:67,0
DA:68,0
DA:70,0
DA:74,0
DA:75,0
DA:76,0
DA:77,0
DA:79,0
DA:80,0
DA:82,0
DA:87,0
DA:88,0
DA:89,0
DA:91,0
DA:92,0
DA:96,0
DA:116,0
DA:121,0
LF:49
LH:0
BRDA:9,0,0,0
BRDA:9,0,1,0
BRDA:10,1,0,0
BRDA:10,1,1,0
BRDA:10,2,0,0
BRDA:10,2,1,0
BRDA:22,3,0,0
BRDA:22,3,1,0
BRDA:39,4,0,0
BRDA:39,4,1,0
BRDA:40,5,0,0
BRDA:40,5,1,0
BRDA:52,6,0,0
BRDA:52,6,1,0
BRDA:62,7,0,0
BRDA:62,7,1,0
BRDA:65,8,0,0
BRDA:65,8,1,0
BRDA:77,9,0,0
BRDA:77,9,1,0
BRDA:91,10,0,0
BRDA:91,10,1,0
BRDA:91,11,0,0
BRDA:91,11,1,0
BRDA:91,11,2,0
BRDA:104,12,0,0
BRDA:104,12,1,0
BRDA:109,13,0,0
BRDA:109,13,1,0
BRF:29
BRH:0
end_of_record
TN:
SF:controllers\busScheduleController.js
FN:5,(anonymous_0)
FN:29,(anonymous_1)
FN:75,(anonymous_2)
FN:134,(anonymous_3)
FN:144,(anonymous_4)
FN:184,(anonymous_5)
FN:185,(anonymous_6)
FN:189,(anonymous_7)
FN:194,(anonymous_8)
FN:196,(anonymous_9)
FN:222,(anonymous_10)
FN:243,(anonymous_11)
FN:244,(anonymous_12)
FN:248,(anonymous_13)
FN:252,(anonymous_14)
FN:254,(anonymous_15)
FN:275,(anonymous_16)
FN:298,(anonymous_17)
FN:348,(anonymous_18)
FN:362,(anonymous_19)
FN:377,(anonymous_20)
FN:422,(anonymous_21)
FN:451,(anonymous_22)
FN:470,(anonymous_23)
FNF:24
FNH:0
FNDA:0,(anonymous_0)
FNDA:0,(anonymous_1)
FNDA:0,(anonymous_2)
FNDA:0,(anonymous_3)
FNDA:0,(anonymous_4)
FNDA:0,(anonymous_5)
FNDA:0,(anonymous_6)
FNDA:0,(anonymous_7)
FNDA:0,(anonymous_8)
FNDA:0,(anonymous_9)
FNDA:0,(anonymous_10)
FNDA:0,(anonymous_11)
FNDA:0,(anonymous_12)
FNDA:0,(anonymous_13)
FNDA:0,(anonymous_14)
FNDA:0,(anonymous_15)
FNDA:0,(anonymous_16)
FNDA:0,(anonymous_17)
FNDA:0,(anonymous_18)
FNDA:0,(anonymous_19)
FNDA:0,(anonymous_20)
FNDA:0,(anonymous_21)
FNDA:0,(anonymous_22)
FNDA:0,(anonymous_23)
DA:5,0
DA:7,0
DA:29,0
DA:30,0
DA:31,0
DA:35,0
DA:36,0
DA:59,0
DA:60,0
DA:68,0
DA:69,0
DA:71,0
DA:75,0
DA:76,0
DA:92,0
DA:95,0
DA:99,0
DA:100,0
DA:103,0
DA:104,0
DA:107,0
DA:108,0
DA:111,0
DA:112,0
DA:115,0
DA:116,0
DA:119,0
DA:120,0
DA:123,0
DA:124,0
DA:127,0
DA:128,0
DA:132,0
DA:134,0
DA:136,0
DA:137,0
DA:144,0
DA:147,0
DA:148,0
DA:159,0
DA:164,0
DA:165,0
DA:166,0
DA:169,0
DA:170,0
DA:171,0
DA:174,0
DA:182,0
DA:183,0
DA:184,0
DA:185,0
DA:187,0
DA:188,0
DA:189,0
DA:190,0
DA:191,0
DA:194,0
DA:196,0
DA:200,0
DA:201,0
DA:204,0
DA:214,0
DA:222,0
DA:223,0
DA:224,0
DA:225,0
DA:226,0
DA:227,0
DA:230,0
DA:242,0
DA:243,0
DA:244,0
DA:246,0
DA:247,0
DA:248,0
DA:249,0
DA:250,0
DA:252,0
DA:254,0
DA:257,0
DA:258,0
DA:261,0
DA:271,0
DA:275,0
DA:276,0
DA:277,0
DA:278,0
DA:281,0
DA:292,0
DA:294,0
DA:298,0
DA:299,0
DA:300,0
DA:301,0
DA:303,0
DA:307,0
DA:308,0
DA:309,0
DA:331,0
DA:332,0
DA:340,0
DA:341,0
DA:343,0
DA:348,0
DA:349,0
DA:350,0
DA:351,0
DA:353,0
DA:355,0
DA:356,0
DA:358,0
DA:362,0
DA:363,0
DA:364,0
DA:365,0
DA:366,0
DA:367,0
DA:369,0
DA:377,0
DA:378,0
DA:379,0
DA:381,0
DA:382,0
DA:385,0
DA:386,0
DA:390,0
DA:391,0
DA:392,0
DA:395,0
DA:396,0
DA:397,0
DA:407,0
DA:412,0
DA:413,0
DA:422,0
DA:423,0
DA:424,0
DA:425,0
DA:426,0
DA:429,0
DA:450,0
DA:452,0
DA:461,0
DA:470,0
DA:472,0
DA:473,0
DA:475,0
DA:478,0
DA:484,0
DA:485,0
LF:150
LH:0
BRDA:8,0,0,0
BRDA:8,0,1,0
BRDA:9,1,0,0
BRDA:9,1,1,0
BRDA:10,2,0,0
BRDA:10,2,1,0
BRDA:11,3,0,0
BRDA:11,3,1,0
BRDA:11,3,2,0
BRDA:12,4,0,0
BRDA:12,4,1,0
BRDA:13,5,0,0
BRDA:13,5,1,0
BRDA:14,6,0,0
BRDA:14,6,1,0
BRDA:15,7,0,0
BRDA:15,7,1,0
BRDA:16,8,0,0
BRDA:16,8,1,0
BRDA:20,9,0,0
BRDA:20,9,1,0
BRDA:22,10,0,0
BRDA:22,10,1,0
BRDA:23,11,0,0
BRDA:23,11,1,0
BRDA:25,12,0,0
BRDA:25,12,1,0
BRDA:35,13,0,0
BRDA:35,13,1,0
BRDA:59,14,0,0
BRDA:59,14,1,0
BRDA:88,15,0,0
BRDA:89,16,0,0
BRDA:90,17,0,0
BRDA:91,18,0,0
BRDA:99,19,0,0
BRDA:99,19,1,0
BRDA:103,20,0,0
BRDA:103,20,1,0
BRDA:107,21,0,0
BRDA:107,21,1,0
BRDA:111,22,0,0
BRDA:111,22,1,0
BRDA:115,23,0,0
BRDA:115,23,1,0
BRDA:119,24,0,0
BRDA:119,24,1,0
BRDA:123,25,0,0
BRDA:123,25,1,0
BRDA:127,26,0,0
BRDA:127,26,1,0
BRDA:132,27,0,0
BRDA:132,27,1,0
BRDA:134,28,0,0
BRDA:134,28,1,0
BRDA:136,29,0,0
BRDA:136,29,1,0
BRDA:147,30,0,0
BRDA:147,30,1,0
BRDA:170,31,0,0
BRDA:170,31,1,0
BRDA:171,32,0,0
BRDA:171,32,1,0
BRDA:184,33,0,0
BRDA:184,33,1,0
BRDA:187,34,0,0
BRDA:187,34,1,0
BRDA:190,35,0,0
BRDA:190,35,1,0
BRDA:194,36,0,0
BRDA:194,36,1,0
BRDA:224,37,0,0
BRDA:224,38,0,0
BRDA:243,39,0,0
BRDA:243,39,1,0
BRDA:246,40,0,0
BRDA:246,40,1,0
BRDA:249,41,0,0
BRDA:249,41,1,0
BRDA:252,42,0,0
BRDA:252,42,1,0
BRDA:278,43,0,0
BRDA:278,43,1,0
BRDA:301,44,0,0
BRDA:301,44,1,0
BRDA:307,45,0,0
BRDA:307,45,1,0
BRDA:308,46,0,0
BRDA:308,46,1,0
BRDA:316,47,0,0
BRDA:316,47,1,0
BRDA:317,48,0,0
BRDA:317,48,1,0
BRDA:318,49,0,0
BRDA:318,49,1,0
BRDA:319,50,0,0
BRDA:319,50,1,0
BRDA:323,51,0,0
BRDA:323,51,1,0
BRDA:324,52,0,0
BRDA:324,52,1,0
BRDA:331,53,0,0
BRDA:331,53,1,0
BRDA:351,54,0,0
BRDA:351,54,1,0
BRDA:355,55,0,0
BRDA:355,55,1,0
BRDA:365,56,0,0
BRDA:365,56,1,0
BRDA:381,57,0,0
BRDA:381,57,1,0
BRDA:385,58,0,0
BRDA:385,58,1,0
BRDA:463,59,0,0
BRDA:463,59,1,0
BRDA:464,60,0,0
BRDA:464,60,1,0
BRDA:472,61,0,0
BRDA:472,61,1,0
BRDA:472,62,0,0
BRDA:472,62,1,0
BRDA:473,63,0,0
BRDA:473,63,1,0
BRDA:473,64,0,0
BRDA:473,64,1,0
BRDA:475,65,0,0
BRDA:475,65,1,0
BRDA:475,66,0,0
BRDA:475,66,1,0
BRF:129
BRH:0
end_of_record
TN:
SF:controllers\chatbotController.js
FN:23,(anonymous_0)
FN:131,(anonymous_1)
FN:193,(anonymous_2)
FN:214,(anonymous_3)
FN:276,(anonymous_4)
FN:287,(anonymous_5)
FN:300,(anonymous_6)
FN:339,(anonymous_7)
FN:363,(anonymous_8)
FN:385,(anonymous_9)
FNF:10
FNH:0
FNDA:0,(anonymous_0)
FNDA:0,(anonymous_1)
FNDA:0,(anonymous_2)
FNDA:0,(anonymous_3)
FNDA:0,(anonymous_4)
FNDA:0,(anonymous_5)
FNDA:0,(anonymous_6)
FNDA:0,(anonymous_7)
FNDA:0,(anonymous_8)
FNDA:0,(anonymous_9)
DA:18,0
DA:23,0
DA:24,0
DA:25,0
DA:27,0
DA:28,0
DA:29,0
DA:30,0
DA:31,0
DA:32,0
DA:33,0
DA:34,0
DA:36,0
DA:37,0
DA:41,0
DA:44,0
DA:45,0
DA:48,0
DA:57,0
DA:61,0
DA:62,0
DA:64,0
DA:66,0
DA:67,0
DA:68,0
DA:69,0
DA:70,0
DA:73,0
DA:74,0
DA:75,0
DA:76,0
DA:77,0
DA:80,0
DA:81,0
DA:87,0
DA:90,0
DA:96,0
DA:97,0
DA:98,0
DA:101,0
DA:102,0
DA:106,0
DA:115,0
DA:123,0
DA:124,0
DA:131,0
DA:132,0
DA:133,0
DA:136,0
DA:137,0
DA:139,0
DA:140,0
DA:153,0
DA:154,0
DA:156,0
DA:157,0
DA:169,0
DA:171,0
DA:181,0
DA:182,0
DA:193,0
DA:194,0
DA:196,0
DA:199,0
DA:201,0
DA:203,0
DA:204,0
DA:214,0
DA:215,0
DA:216,0
DA:218,0
DA:223,0
DA:224,0
DA:227,0
DA:228,0
DA:232,0
DA:233,0
DA:234,0
DA:237,0
DA:239,0
DA:257,0
DA:258,0
DA:259,0
DA:266,0
DA:268,0
DA:269,0
DA:276,0
DA:277,0
DA:278,0
DA:285,0
DA:287,0
DA:292,0
DA:293,0
DA:300,0
DA:301,0
DA:302,0
DA:309,0
DA:318,0
DA:319,0
DA:320,0
DA:321,0
DA:322,0
DA:323,0
DA:324,0
DA:329,0
DA:331,0
DA:332,0
DA:339,0
DA:340,0
DA:341,0
DA:343,0
DA:344,0
DA:347,0
DA:353,0
DA:355,0
DA:356,0
DA:363,0
DA:364,0
DA:365,0
DA:367,0
DA:368,0
DA:371,0
DA:375,0
DA:377,0
DA:378,0
DA:385,0
DA:386,0
DA:387,0
DA:389,0
DA:390,0
DA:394,0
DA:396,0
DA:397,0
DA:406,0
DA:409,0
DA:413,0
DA:420,0
DA:421,0
LF:138
LH:0
BRDA:18,0,0,0
BRDA:18,0,1,0
BRDA:36,1,0,0
BRDA:36,1,1,0
BRDA:36,2,0,0
BRDA:36,2,1,0
BRDA:41,3,0,0
BRDA:41,3,1,0
BRDA:50,4,0,0
BRDA:50,4,1,0
BRDA:64,5,0,0
BRDA:64,5,1,0
BRDA:64,5,2,0
BRDA:64,5,3,0
BRDA:74,6,0,0
BRDA:74,6,1,0
BRDA:108,7,0,0
BRDA:108,7,1,0
BRDA:112,8,0,0
BRDA:112,8,1,0
BRDA:139,9,0,0
BRDA:139,9,1,0
BRDA:141,10,0,0
BRDA:141,10,1,0
BRDA:154,11,0,0
BRDA:154,11,1,0
BRDA:156,12,0,0
BRDA:156,12,1,0
BRDA:156,13,0,0
BRDA:156,13,1,0
BRDA:158,14,0,0
BRDA:158,14,1,0
BRDA:169,15,0,0
BRDA:169,15,1,0
BRDA:169,16,0,0
BRDA:169,16,1,0
BRDA:223,17,0,0
BRDA:223,17,1,0
BRDA:227,18,0,0
BRDA:227,18,1,0
BRDA:232,19,0,0
BRDA:232,19,1,0
BRDA:258,20,0,0
BRDA:258,20,1,0
BRDA:319,21,0,0
BRDA:319,21,1,0
BRDA:319,22,0,0
BRDA:319,22,1,0
BRDA:321,23,0,0
BRDA:321,23,1,0
BRDA:343,24,0,0
BRDA:343,24,1,0
BRDA:367,25,0,0
BRDA:367,25,1,0
BRDA:389,26,0,0
BRDA:389,26,1,0
BRDA:389,27,0,0
BRDA:389,27,1,0
BRDA:396,28,0,0
BRDA:396,28,1,0
BRDA:400,29,0,0
BRDA:400,29,1,0
BRDA:409,30,0,0
BRDA:409,30,1,0
BRDA:410,31,0,0
BRDA:410,31,1,0
BRF:66
BRH:0
end_of_record
TN:
SF:controllers\customerController.js
FN:8,(anonymous_0)
FN:59,(anonymous_1)
FN:135,(anonymous_2)
FN:140,(anonymous_3)
FN:153,(anonymous_4)
FN:234,(anonymous_5)
FN:280,(anonymous_6)
FNF:7
FNH:0
FNDA:0,(anonymous_0)
FNDA:0,(anonymous_1)
FNDA:0,(anonymous_2)
FNDA:0,(anonymous_3)
FNDA:0,(anonymous_4)
FNDA:0,(anonymous_5)
FNDA:0,(anonymous_6)
DA:8,0
DA:9,0
DA:11,0
DA:13,0
DA:14,0
DA:15,0
DA:16,0
DA:20,0
DA:21,0
DA:24,0
DA:25,0
DA:26,0
DA:30,0
DA:31,0
DA:34,0
DA:40,0
DA:42,0
DA:43,0
DA:54,0
DA:55,0
DA:59,0
DA:61,0
DA:64,0
DA:65,0
DA:67,0
DA:68,0
DA:71,0
DA:73,0
DA:82,0
DA:84,0
DA:85,0
DA:86,0
DA:90,0
DA:97,0
DA:108,0
DA:109,0
DA:111,0
DA:115,0
DA:125,0
DA:127,0
DA:128,0
DA:129,0
DA:131,0
DA:135,0
DA:136,0
DA:137,0
DA:140,0
DA:141,0
DA:142,0
DA:143,0
DA:145,0
DA:146,0
DA:153,0
DA:155,0
DA:156,0
DA:157,0
DA:158,0
DA:159,0
DA:161,0
DA:165,0
DA:166,0
DA:167,0
DA:170,0
DA:173,0
DA:181,0
DA:182,0
DA:183,0
DA:184,0
DA:185,0
DA:186,0
DA:188,0
DA:191,0
DA:192,0
DA:193,0
DA:195,0
DA:198,0
DA:199,0
DA:200,0
DA:201,0
DA:203,0
DA:207,0
DA:208,0
DA:209,0
DA:212,0
DA:213,0
DA:214,0
DA:217,0
DA:219,0
DA:220,0
DA:221,0
DA:222,0
DA:223,0
DA:225,0
DA:227,0
DA:234,0
DA:235,0
DA:237,0
DA:238,0
DA:241,0
DA:242,0
DA:244,0
DA:246,0
DA:250,0
DA:251,0
DA:255,0
DA:256,0
DA:259,0
DA:260,0
DA:261,0
DA:264,0
DA:265,0
DA:267,0
DA:270,0
DA:272,0
DA:273,0
DA:280,0
DA:281,0
DA:283,0
DA:284,0
DA:287,0
DA:288,0
DA:291,0
DA:293,0
DA:296,0
DA:303,0
DA:304,0
DA:308,0
DA:309,0
DA:310,0
DA:311,0
DA:312,0
DA:314,0
DA:316,0
DA:317,0
LF:134
LH:0
BRDA:14,0,0,0
BRDA:14,0,1,0
BRDA:20,1,0,0
BRDA:20,1,1,0
BRDA:25,2,0,0
BRDA:25,2,1,0
BRDA:30,3,0,0
BRDA:30,3,1,0
BRDA:64,4,0,0
BRDA:64,4,1,0
BRDA:64,5,0,0
BRDA:64,5,1,0
BRDA:64,5,2,0
BRDA:67,6,0,0
BRDA:67,6,1,0
BRDA:67,7,0,0
BRDA:67,7,1,0
BRDA:82,8,0,0
BRDA:82,8,1,0
BRDA:84,9,0,0
BRDA:84,9,1,0
BRDA:85,10,0,0
BRDA:85,10,1,0
BRDA:127,11,0,0
BRDA:127,11,1,0
BRDA:127,12,0,0
BRDA:127,12,1,0
BRDA:127,12,2,0
BRDA:128,13,0,0
BRDA:128,13,1,0
BRDA:156,14,0,0
BRDA:156,14,1,0
BRDA:157,15,0,0
BRDA:157,15,1,0
BRDA:158,16,0,0
BRDA:158,16,1,0
BRDA:158,17,0,0
BRDA:158,17,1,0
BRDA:167,18,0,0
BRDA:167,18,1,0
BRDA:181,19,0,0
BRDA:181,19,1,0
BRDA:183,20,0,0
BRDA:183,20,1,0
BRDA:183,21,0,0
BRDA:183,21,1,0
BRDA:184,22,0,0
BRDA:184,22,1,0
BRDA:185,23,0,0
BRDA:185,23,1,0
BRDA:185,24,0,0
BRDA:185,24,1,0
BRDA:191,25,0,0
BRDA:191,25,1,0
BRDA:192,26,0,0
BRDA:192,26,1,0
BRDA:192,27,0,0
BRDA:192,27,1,0
BRDA:198,28,0,0
BRDA:198,28,1,0
BRDA:199,29,0,0
BRDA:199,29,1,0
BRDA:200,30,0,0
BRDA:200,30,1,0
BRDA:200,31,0,0
BRDA:200,31,1,0
BRDA:212,32,0,0
BRDA:212,32,1,0
BRDA:213,33,0,0
BRDA:213,33,1,0
BRDA:213,34,0,0
BRDA:213,34,1,0
BRDA:220,35,0,0
BRDA:220,35,1,0
BRDA:220,36,0,0
BRDA:220,36,1,0
BRDA:221,37,0,0
BRDA:221,37,1,0
BRDA:222,38,0,0
BRDA:222,38,1,0
BRDA:222,39,0,0
BRDA:222,39,1,0
BRDA:237,40,0,0
BRDA:237,40,1,0
BRDA:244,41,0,0
BRDA:244,41,1,0
BRDA:250,42,0,0
BRDA:250,42,1,0
BRDA:283,43,0,0
BRDA:283,43,1,0
BRDA:283,44,0,0
BRDA:283,44,1,0
BRDA:287,45,0,0
BRDA:287,45,1,0
BRDA:303,46,0,0
BRDA:303,46,1,0
BRF:96
BRH:0
end_of_record
TN:
SF:controllers\notificationPreferencesController.js
FN:7,(anonymous_0)
FN:52,(anonymous_1)
FN:124,(anonymous_2)
FN:176,(anonymous_3)
FN:206,(anonymous_4)
FNF:5
FNH:0
FNDA:0,(anonymous_0)
FNDA:0,(anonymous_1)
FNDA:0,(anonymous_2)
FNDA:0,(anonymous_3)
FNDA:0,(anonymous_4)
DA:7,0
DA:8,0
DA:9,0
DA:11,0
DA:16,0
DA:17,0
DA:35,0
DA:40,0
DA:41,0
DA:52,0
DA:53,0
DA:54,0
DA:55,0
DA:58,0
DA:75,0
DA:76,0
DA:77,0
DA:78,0
DA:83,0
DA:85,0
DA:91,0
DA:95,0
DA:97,0
DA:100,0
DA:106,0
DA:112,0
DA:113,0
DA:124,0
DA:125,0
DA:126,0
DA:128,0
DA:145,0
DA:149,0
DA:150,0
DA:152,0
DA:158,0
DA:164,0
DA:165,0
DA:176,0
DA:177,0
DA:178,0
DA:182,0
DA:184,0
DA:193,0
DA:196,0
DA:198,0
DA:199,0
DA:206,0
DA:207,0
DA:208,0
DA:209,0
DA:211,0
DA:212,0
DA:213,0
DA:220,0
DA:223,0
DA:229,0
DA:234,0
DA:235,0
LF:59
LH:0
BRDA:16,0,0,0
BRDA:16,0,1,0
BRDA:77,1,0,0
BRDA:77,1,1,0
BRDA:83,2,0,0
BRDA:83,2,1,0
BRDA:83,3,0,0
BRDA:83,3,1,0
BRDA:95,4,0,0
BRDA:95,4,1,0
BRDA:149,5,0,0
BRDA:149,5,1,0
BRDA:182,6,0,0
BRDA:182,6,1,0
BRDA:193,7,0,0
BRDA:193,7,1,0
BRDA:196,8,0,0
BRDA:196,8,1,0
BRDA:212,9,0,0
BRDA:212,9,1,0
BRDA:226,10,0,0
BRDA:226,10,1,0
BRDA:231,11,0,0
BRDA:231,11,1,0
BRF:24
BRH:0
end_of_record
TN:
SF:controllers\paymentController.js
FN:20,(anonymous_0)
FN:81,(anonymous_1)
FN:106,(anonymous_2)
FN:136,(anonymous_3)
FN:182,(anonymous_4)
FN:251,(anonymous_5)
FN:287,(anonymous_6)
FN:354,(anonymous_7)
FN:384,(anonymous_8)
FN:398,(anonymous_9)
FNF:10
FNH:0
FNDA:0,(anonymous_0)
FNDA:0,(anonymous_1)
FNDA:0,(anonymous_2)
FNDA:0,(anonymous_3)
FNDA:0,(anonymous_4)
FNDA:0,(anonymous_5)
FNDA:0,(anonymous_6)
FNDA:0,(anonymous_7)
FNDA:0,(anonymous_8)
FNDA:0,(anonymous_9)
DA:14,0
DA:20,0
DA:21,0
DA:22,0
DA:23,0
DA:26,0
DA:27,0
DA:28,0
DA:31,0
DA:33,0
DA:34,0
DA:37,0
DA:38,0
DA:44,0
DA:45,0
DA:46,0
DA:47,0
DA:51,0
DA:52,0
DA:78,0
DA:81,0
DA:82,0
DA:85,0
DA:94,0
DA:95,0
DA:106,0
DA:107,0
DA:108,0
DA:110,0
DA:112,0
DA:113,0
DA:117,0
DA:118,0
DA:119,0
DA:122,0
DA:124,0
DA:125,0
DA:136,0
DA:137,0
DA:138,0
DA:147,0
DA:149,0
DA:152,0
DA:154,0
DA:155,0
DA:156,0
DA:162,0
DA:165,0
DA:166,0
DA:167,0
DA:174,0
DA:175,0
DA:182,0
DA:185,0
DA:186,0
DA:189,0
DA:190,0
DA:191,0
DA:194,0
DA:197,0
DA:200,0
DA:201,0
DA:202,0
DA:204,0
DA:212,0
DA:214,0
DA:215,0
DA:216,0
DA:222,0
DA:223,0
DA:224,0
DA:231,0
DA:237,0
DA:238,0
DA:239,0
DA:243,0
DA:244,0
DA:246,0
DA:248,0
DA:251,0
DA:252,0
DA:253,0
DA:260,0
DA:264,0
DA:272,0
DA:273,0
DA:274,0
DA:287,0
DA:288,0
DA:297,0
DA:299,0
DA:307,0
DA:309,0
DA:310,0
DA:312,0
DA:316,0
DA:317,0
DA:318,0
DA:319,0
DA:320,0
DA:322,0
DA:327,0
DA:328,0
DA:329,0
DA:330,0
DA:332,0
DA:336,0
DA:341,0
DA:343,0
DA:354,0
DA:355,0
DA:356,0
DA:358,0
DA:360,0
DA:361,0
DA:364,0
DA:365,0
DA:366,0
DA:368,0
DA:373,0
DA:374,0
DA:384,0
DA:385,0
DA:391,0
DA:398,0
DA:399,0
DA:400,0
DA:402,0
DA:404,0
DA:405,0
DA:411,0
DA:422,0
DA:423,0
LF:133
LH:0
BRDA:22,0,0,0
BRDA:23,1,0,0
BRDA:23,1,1,0
BRDA:27,2,0,0
BRDA:27,2,1,0
BRDA:27,3,0,0
BRDA:27,3,1,0
BRDA:33,4,0,0
BRDA:33,4,1,0
BRDA:37,5,0,0
BRDA:37,5,1,0
BRDA:44,6,0,0
BRDA:44,6,1,0
BRDA:44,7,0,0
BRDA:44,7,1,0
BRDA:112,8,0,0
BRDA:112,8,1,0
BRDA:117,9,0,0
BRDA:117,9,1,0
BRDA:146,10,0,0
BRDA:154,11,0,0
BRDA:154,11,1,0
BRDA:165,12,0,0
BRDA:165,12,1,0
BRDA:174,13,0,0
BRDA:174,13,1,0
BRDA:174,14,0,0
BRDA:174,14,1,0
BRDA:174,14,2,0
BRDA:174,14,3,0
BRDA:174,14,4,0
BRDA:185,15,0,0
BRDA:185,15,1,0
BRDA:185,16,0,0
BRDA:185,16,1,0
BRDA:190,17,0,0
BRDA:190,17,1,0
BRDA:190,18,0,0
BRDA:190,18,1,0
BRDA:214,19,0,0
BRDA:214,19,1,0
BRDA:222,20,0,0
BRDA:222,20,1,0
BRDA:309,21,0,0
BRDA:309,21,1,0
BRDA:316,22,0,0
BRDA:316,22,1,0
BRDA:316,23,0,0
BRDA:316,23,1,0
BRDA:327,24,0,0
BRDA:327,24,1,0
BRDA:327,25,0,0
BRDA:327,25,1,0
BRDA:329,26,0,0
BRDA:329,26,1,0
BRDA:360,27,0,0
BRDA:360,27,1,0
BRDA:404,28,0,0
BRDA:404,28,1,0
BRF:59
BRH:0
end_of_record
TN:
SF:controllers\reviewController.js
FN:24,(anonymous_0)
FN:190,(anonymous_1)
FN:295,(anonymous_2)
FN:346,(anonymous_3)
FN:378,(anonymous_4)
FN:398,(anonymous_5)
FN:466,(anonymous_6)
FN:503,(anonymous_7)
FN:609,(anonymous_8)
FNF:9
FNH:0
FNDA:0,(anonymous_0)
FNDA:0,(anonymous_1)
FNDA:0,(anonymous_2)
FNDA:0,(anonymous_3)
FNDA:0,(anonymous_4)
FNDA:0,(anonymous_5)
FNDA:0,(anonymous_6)
FNDA:0,(anonymous_7)
FNDA:0,(anonymous_8)
DA:24,1
DA:25,0
DA:27,0
DA:28,0
DA:39,0
DA:42,0
DA:43,0
DA:44,0
DA:50,0
DA:51,0
DA:52,0
DA:58,0
DA:76,0
DA:77,0
DA:78,0
DA:84,0
DA:85,0
DA:86,0
DA:92,0
DA:93,0
DA:94,0
DA:95,0
DA:101,0
DA:105,0
DA:106,0
DA:107,0
DA:113,0
DA:136,0
DA:139,0
DA:140,0
DA:158,0
DA:164,0
DA:165,0
DA:173,0
DA:174,0
DA:176,0
DA:177,0
DA:190,1
DA:191,0
DA:192,0
DA:193,0
DA:196,0
DA:197,0
DA:198,0
DA:203,0
DA:204,0
DA:212,0
DA:214,0
DA:232,0
DA:249,0
DA:262,0
DA:283,0
DA:284,0
DA:295,1
DA:296,0
DA:297,0
DA:298,0
DA:299,0
DA:301,0
DA:323,0
DA:334,0
DA:335,0
DA:346,1
DA:347,0
DA:348,0
DA:351,0
DA:378,0
DA:380,0
DA:386,0
DA:387,0
DA:398,1
DA:399,0
DA:400,0
DA:401,0
DA:410,0
DA:413,0
DA:420,0
DA:421,0
DA:427,0
DA:438,0
DA:448,0
DA:454,0
DA:455,0
DA:466,1
DA:467,0
DA:468,0
DA:469,0
DA:471,0
DA:478,0
DA:479,0
DA:484,0
DA:486,0
DA:491,0
DA:492,0
DA:503,1
DA:504,0
DA:506,0
DA:507,0
DA:508,0
DA:509,0
DA:511,0
DA:512,0
DA:513,0
DA:519,0
DA:520,0
DA:521,0
DA:522,0
DA:528,0
DA:535,0
DA:537,0
DA:539,0
DA:540,0
DA:542,0
DA:546,0
DA:547,0
DA:549,0
DA:552,0
DA:553,0
DA:554,0
DA:556,0
DA:557,0
DA:562,0
DA:563,0
DA:571,0
DA:578,0
DA:579,0
DA:581,0
DA:583,0
DA:585,0
DA:587,0
DA:594,0
DA:595,0
DA:597,0
DA:598,0
DA:609,1
DA:610,0
DA:611,0
DA:612,0
DA:614,0
DA:632,0
DA:633,0
DA:639,0
DA:640,0
DA:646,0
DA:647,0
DA:653,0
DA:654,0
DA:661,0
DA:667,0
DA:668,0
LF:150
LH:8
BRDA:42,0,0,0
BRDA:42,0,1,0
BRDA:42,1,0,0
BRDA:42,1,1,0
BRDA:42,1,2,0
BRDA:42,1,3,0
BRDA:50,2,0,0
BRDA:50,2,1,0
BRDA:50,3,0,0
BRDA:50,3,1,0
BRDA:76,4,0,0
BRDA:76,4,1,0
BRDA:84,5,0,0
BRDA:84,5,1,0
BRDA:93,6,0,0
BRDA:93,6,1,0
BRDA:105,7,0,0
BRDA:105,7,1,0
BRDA:118,8,0,0
BRDA:118,8,1,0
BRDA:120,9,0,0
BRDA:120,9,1,0
BRDA:121,10,0,0
BRDA:121,10,1,0
BRDA:122,11,0,0
BRDA:122,11,1,0
BRDA:123,12,0,0
BRDA:123,12,1,0
BRDA:128,13,0,0
BRDA:128,13,1,0
BRDA:129,14,0,0
BRDA:129,14,1,0
BRDA:173,15,0,0
BRDA:173,15,1,0
BRDA:193,16,0,0
BRDA:193,17,0,0
BRDA:193,18,0,0
BRDA:193,19,0,0
BRDA:197,20,0,0
BRDA:197,20,1,0
BRDA:203,21,0,0
BRDA:203,21,1,0
BRDA:266,22,0,0
BRDA:266,22,1,0
BRDA:267,23,0,0
BRDA:267,23,1,0
BRDA:268,24,0,0
BRDA:268,24,1,0
BRDA:269,25,0,0
BRDA:269,25,1,0
BRDA:270,26,0,0
BRDA:270,26,1,0
BRDA:271,27,0,0
BRDA:271,27,1,0
BRDA:298,28,0,0
BRDA:298,29,0,0
BRDA:420,30,0,0
BRDA:420,30,1,0
BRDA:428,31,0,0
BRDA:428,31,1,0
BRDA:429,32,0,0
BRDA:429,32,1,0
BRDA:430,33,0,0
BRDA:430,33,1,0
BRDA:431,34,0,0
BRDA:431,34,1,0
BRDA:432,35,0,0
BRDA:432,35,1,0
BRDA:433,36,0,0
BRDA:433,36,1,0
BRDA:434,37,0,0
BRDA:434,37,1,0
BRDA:478,38,0,0
BRDA:478,38,1,0
BRDA:511,39,0,0
BRDA:511,39,1,0
BRDA:520,40,0,0
BRDA:520,40,1,0
BRDA:535,41,0,0
BRDA:535,41,1,0
BRDA:537,42,0,0
BRDA:537,42,1,0
BRDA:539,43,0,0
BRDA:539,43,1,0
BRDA:546,44,0,0
BRDA:546,44,1,0
BRDA:578,45,0,0
BRDA:578,45,1,0
BRDA:594,46,0,0
BRDA:594,46,1,0
BRDA:632,47,0,0
BRDA:632,47,1,0
BRDA:639,48,0,0
BRDA:639,48,1,0
BRDA:646,49,0,0
BRDA:646,49,1,0
BRDA:653,50,0,0
BRDA:653,50,1,0
BRF:98
BRH:0
end_of_record
TN:
SF:controllers\routeController.js
FN:4,(anonymous_0)
FN:20,(anonymous_1)
FN:38,(anonymous_2)
FN:50,(anonymous_3)
FN:67,(anonymous_4)
FN:90,(anonymous_5)
FN:108,(anonymous_6)
FN:124,(anonymous_7)
FNF:8
FNH:0
FNDA:0,(anonymous_0)
FNDA:0,(anonymous_1)
FNDA:0,(anonymous_2)
FNDA:0,(anonymous_3)
FNDA:0,(anonymous_4)
FNDA:0,(anonymous_5)
FNDA:0,(anonymous_6)
FNDA:0,(anonymous_7)
DA:4,0
DA:5,0
DA:6,0
DA:8,0
DA:19,0
DA:20,0
DA:29,0
DA:32,0
DA:34,0
DA:38,0
DA:39,0
DA:40,0
DA:41,0
DA:43,0
DA:44,0
DA:46,0
DA:50,0
DA:51,0
DA:52,0
DA:53,0
DA:56,0
DA:61,0
DA:63,0
DA:67,0
DA:68,0
DA:69,0
DA:70,0
DA:72,0
DA:74,0
DA:85,0
DA:87,0
DA:90,0
DA:99,0
DA:102,0
DA:104,0
DA:108,0
DA:109,0
DA:110,0
DA:111,0
DA:114,0
DA:117,0
DA:118,0
DA:120,0
DA:124,0
DA:125,0
DA:126,0
DA:130,0
DA:132,0
LF:48
LH:0
BRDA:19,0,0,0
BRDA:19,0,1,0
BRDA:19,1,0,0
BRDA:19,1,1,0
BRDA:24,2,0,0
BRDA:24,2,1,0
BRDA:41,3,0,0
BRDA:41,3,1,0
BRDA:53,4,0,0
BRDA:53,4,1,0
BRDA:70,5,0,0
BRDA:70,5,1,0
BRDA:85,6,0,0
BRDA:85,6,1,0
BRDA:85,7,0,0
BRDA:85,7,1,0
BRDA:94,8,0,0
BRDA:94,8,1,0
BRDA:111,9,0,0
BRDA:111,9,1,0
BRF:20
BRH:0
end_of_record
TN:
SF:controllers\seatLockController.js
FN:14,(anonymous_0)
FN:39,(anonymous_1)
FN:76,(anonymous_2)
FN:100,(anonymous_3)
FN:101,(anonymous_4)
FN:108,(anonymous_5)
FN:127,(anonymous_6)
FN:146,(anonymous_7)
FN:154,(anonymous_8)
FN:154,(anonymous_9)
FN:155,(anonymous_10)
FN:166,(anonymous_11)
FN:173,(anonymous_12)
FN:174,(anonymous_13)
FN:175,(anonymous_14)
FN:186,(anonymous_15)
FN:188,(anonymous_16)
FN:213,(anonymous_17)
FN:219,(anonymous_18)
FN:227,(anonymous_19)
FN:232,(anonymous_20)
FN:240,(anonymous_21)
FN:256,(anonymous_22)
FN:265,(anonymous_23)
FNF:24
FNH:0
FNDA:0,(anonymous_0)
FNDA:0,(anonymous_1)
FNDA:0,(anonymous_2)
FNDA:0,(anonymous_3)
FNDA:0,(anonymous_4)
FNDA:0,(anonymous_5)
FNDA:0,(anonymous_6)
FNDA:0,(anonymous_7)
FNDA:0,(anonymous_8)
FNDA:0,(anonymous_9)
FNDA:0,(anonymous_10)
FNDA:0,(anonymous_11)
FNDA:0,(anonymous_12)
FNDA:0,(anonymous_13)
FNDA:0,(anonymous_14)
FNDA:0,(anonymous_15)
FNDA:0,(anonymous_16)
FNDA:0,(anonymous_17)
FNDA:0,(anonymous_18)
FNDA:0,(anonymous_19)
FNDA:0,(anonymous_20)
FNDA:0,(anonymous_21)
FNDA:0,(anonymous_22)
FNDA:0,(anonymous_23)
DA:9,0
DA:14,0
DA:15,0
DA:16,0
DA:26,0
DA:31,0
DA:39,0
DA:40,0
DA:41,0
DA:44,0
DA:52,0
DA:53,0
DA:58,0
DA:74,0
DA:75,0
DA:76,0
DA:85,0
DA:95,0
DA:96,0
DA:100,0
DA:101,0
DA:107,0
DA:108,0
DA:110,0
DA:119,0
DA:120,0
DA:127,0
DA:128,0
DA:129,0
DA:130,0
DA:131,0
DA:132,0
DA:133,0
DA:135,0
DA:136,0
DA:137,0
DA:140,0
DA:141,0
DA:142,0
DA:143,0
DA:146,0
DA:147,0
DA:149,0
DA:154,0
DA:155,0
DA:156,0
DA:157,0
DA:158,0
DA:161,0
DA:164,0
DA:165,0
DA:166,0
DA:169,0
DA:173,0
DA:174,0
DA:175,0
DA:176,0
DA:178,0
DA:179,0
DA:185,0
DA:186,0
DA:187,0
DA:188,0
DA:191,0
DA:192,0
DA:195,0
DA:196,0
DA:197,0
DA:199,0
DA:201,0
DA:202,0
DA:204,0
DA:205,0
DA:206,0
DA:213,0
DA:214,0
DA:215,0
DA:216,0
DA:217,0
DA:218,0
DA:219,0
DA:220,0
DA:221,0
DA:223,0
DA:227,0
DA:228,0
DA:229,0
DA:230,0
DA:231,0
DA:232,0
DA:233,0
DA:234,0
DA:236,0
DA:240,0
DA:241,0
DA:242,0
DA:243,0
DA:244,0
DA:247,0
DA:248,0
DA:249,0
DA:250,0
DA:252,0
DA:256,0
DA:257,0
DA:258,0
DA:259,0
DA:260,0
DA:265,0
DA:267,0
LF:110
LH:0
BRDA:52,0,0,0
BRDA:52,0,1,0
BRDA:75,1,0,0
BRDA:75,1,1,0
BRDA:80,2,0,0
BRDA:80,2,1,0
BRDA:95,3,0,0
BRDA:95,3,1,0
BRDA:96,4,0,0
BRDA:96,4,1,0
BRDA:100,5,0,0
BRDA:100,5,1,0
BRDA:131,6,0,0
BRDA:131,6,1,0
BRDA:131,7,0,0
BRDA:131,7,1,0
BRDA:131,7,2,0
BRDA:131,7,3,0
BRDA:135,8,0,0
BRDA:135,8,1,0
BRDA:141,9,0,0
BRDA:141,9,1,0
BRDA:154,10,0,0
BRDA:154,10,1,0
BRDA:156,11,0,0
BRDA:156,11,1,0
BRDA:164,12,0,0
BRDA:164,12,1,0
BRDA:178,13,0,0
BRDA:178,13,1,0
BRDA:185,14,0,0
BRDA:185,14,1,0
BRDA:186,15,0,0
BRDA:186,15,1,0
BRDA:191,16,0,0
BRDA:191,16,1,0
BRDA:191,17,0,0
BRDA:191,17,1,0
BRDA:197,18,0,0
BRDA:197,18,1,0
BRDA:216,19,0,0
BRDA:216,19,1,0
BRDA:218,20,0,0
BRDA:218,20,1,0
BRDA:219,21,0,0
BRDA:219,21,1,0
BRDA:219,22,0,0
BRDA:219,22,1,0
BRDA:230,23,0,0
BRDA:230,23,1,0
BRDA:230,24,0,0
BRDA:230,24,1,0
BRDA:232,25,0,0
BRDA:232,25,1,0
BRDA:232,26,0,0
BRDA:232,26,1,0
BRDA:242,27,0,0
BRDA:243,28,0,0
BRDA:243,28,1,0
BRDA:243,29,0,0
BRDA:243,29,1,0
BRDA:247,30,0,0
BRDA:247,30,1,0
BRDA:259,31,0,0
BRDA:259,31,1,0
BRF:65
BRH:0
end_of_record
TN:
SF:models\Bus.js
FNF:0
FNH:0
DA:4,1
LF:1
LH:1
BRF:0
BRH:0
end_of_record
TN:
SF:models\ChatHistory.js
FNF:0
FNH:0
DA:4,1
LF:1
LH:1
BRF:0
BRH:0
end_of_record
TN:
SF:models\Customer.js
FN:26,(anonymous_0)
FN:34,(anonymous_1)
FNF:2
FNH:1
FNDA:56,(anonymous_0)
FNDA:0,(anonymous_1)
DA:5,1
DA:26,1
DA:28,56
DA:29,56
DA:30,56
DA:34,1
DA:35,0
LF:7
LH:6
BRDA:28,0,0,56
BRDA:28,0,1,0
BRF:2
BRH:1
end_of_record
TN:
SF:models\NotificationPreferences.js
FNF:0
FNH:0
DA:4,1
LF:1
LH:1
BRF:0
BRH:0
end_of_record
TN:
SF:models\Review.js
FNF:0
FNH:0
DA:8,1
LF:1
LH:1
BRF:0
BRH:0
end_of_record
TN:
SF:models\ReviewVote.js
FNF:0
FNH:0
DA:8,1
LF:1
LH:1
BRF:0
BRH:0
end_of_record
TN:
SF:models\Route.js
FNF:0
FNH:0
DA:4,1
LF:1
LH:1
BRF:0
BRH:0
end_of_record
TN:
SF:models\RouteStop.js
FNF:0
FNH:0
DA:4,0
LF:1
LH:0
BRF:0
BRH:0
end_of_record
TN:
SF:models\SeatLock.js
FNF:0
FNH:0
DA:8,1
LF:1
LH:1
BRF:0
BRH:0
end_of_record
TN:
SF:models\associations.js
FNF:0
FNH:0
DA:17,1
DA:18,1
DA:21,1
DA:22,1
DA:25,1
DA:26,1
DA:29,1
DA:30,1
DA:32,1
DA:33,1
DA:36,1
DA:37,1
DA:41,1
DA:46,1
DA:53,1
DA:54,1
DA:56,1
DA:57,1
DA:59,1
DA:60,1
DA:63,1
DA:64,1
DA:66,1
DA:67,1
DA:83,1
DA:84,1
LF:26
LH:26
BRF:0
BRH:0
end_of_record
TN:
SF:models\busBooking.js
FN:39,(anonymous_0)
FNF:1
FNH:1
FNDA:28,(anonymous_0)
DA:4,1
DA:41,28
DA:42,0
DA:43,0
DA:44,0
DA:47,28
DA:48,0
LF:7
LH:3
BRDA:41,0,0,0
BRDA:41,0,1,28
BRDA:47,1,0,0
BRDA:47,1,1,28
BRDA:47,2,0,28
BRDA:47,2,1,0
BRF:6
BRH:3
end_of_record
TN:
SF:models\busSchedule.js
FNF:0
FNH:0
DA:4,1
LF:1
LH:1
BRF:0
BRH:0
end_of_record
TN:
SF:routes\analyticsRoutes.js
FNF:0
FNH:0
DA:10,0
DA:13,0
DA:16,0
DA:19,0
DA:22,0
DA:25,0
LF:6
LH:0
BRF:0
BRH:0
end_of_record
TN:
SF:routes\authRoutes.js
FN:25,(anonymous_0)
FN:75,(anonymous_1)
FNF:2
FNH:0
FNDA:0,(anonymous_0)
FNDA:0,(anonymous_1)
DA:5,0
DA:10,0
DA:20,0
DA:26,0
DA:28,0
DA:31,0
DA:34,0
DA:41,0
DA:44,0
DA:47,0
DA:54,0
DA:55,0
DA:56,0
DA:58,0
DA:59,0
DA:63,0
DA:65,0
DA:67,0
DA:75,0
DA:76,0
DA:77,0
LF:21
LH:0
BRDA:28,0,0,0
BRDA:28,0,1,0
BRDA:28,1,0,0
BRDA:28,1,1,0
BRDA:31,2,0,0
BRDA:31,2,1,0
BRDA:41,3,0,0
BRDA:41,3,1,0
BRDA:49,4,0,0
BRDA:49,4,1,0
BRDA:49,4,2,0
BRDA:50,5,0,0
BRDA:50,5,1,0
BRDA:51,6,0,0
BRDA:51,6,1,0
BRDA:65,7,0,0
BRDA:65,7,1,0
BRDA:65,8,0,0
BRDA:65,8,1,0
BRF:19
BRH:0
end_of_record
TN:
SF:routes\busBookingRoutes.js
FNF:0
FNH:0
DA:25,0
DA:28,0
DA:29,0
DA:30,0
DA:31,0
DA:32,0
DA:35,0
DA:36,0
DA:37,0
DA:38,0
DA:39,0
DA:40,0
DA:41,0
DA:42,0
DA:43,0
DA:46,0
DA:47,0
DA:48,0
DA:49,0
DA:50,0
LF:20
LH:0
BRF:0
BRH:0
end_of_record
TN:
SF:routes\busRoutes.js
FNF:0
FNH:0
DA:12,0
DA:15,0
DA:16,0
DA:17,0
DA:20,0
DA:21,0
DA:22,0
LF:7
LH:0
BRF:0
BRH:0
end_of_record
TN:
SF:routes\busScheduleRoutes.js
FNF:0
FNH:0
DA:5,0
DA:8,0
DA:11,0
DA:12,0
DA:15,0
DA:18,0
DA:19,0
DA:21,0
DA:22,0
DA:23,0
LF:10
LH:0
BRF:0
BRH:0
end_of_record
TN:
SF:routes\chatbotRoutes.js
FNF:0
FNH:0
DA:9,0
DA:12,0
DA:15,0
DA:18,0
DA:21,0
LF:5
LH:0
BRF:0
BRH:0
end_of_record
TN:
SF:routes\customerRoutes.js
FNF:0
FNH:0
DA:13,0
DA:16,0
DA:17,0
DA:18,0
DA:19,0
DA:20,0
DA:23,0
DA:26,0
LF:8
LH:0
BRF:0
BRH:0
end_of_record
TN:
SF:routes\home.js
FN:4,(anonymous_0)
FNF:1
FNH:0
FNDA:0,(anonymous_0)
DA:2,0
DA:4,0
DA:5,0
LF:3
LH:0
BRF:0
BRH:0
end_of_record
TN:
SF:routes\notificationPreferencesRoutes.js
FNF:0
FNH:0
DA:10,0
DA:13,0
DA:16,0
DA:19,0
DA:22,0
DA:25,0
LF:6
LH:0
BRF:0
BRH:0
end_of_record
TN:
SF:routes\paymentRoutes.js
FNF:0
FNH:0
DA:12,0
DA:19,0
DA:22,0
DA:25,0
DA:28,0
DA:31,0
DA:34,0
LF:7
LH:0
BRF:0
BRH:0
end_of_record
TN:
SF:routes\reviewRoutes.js
FNF:0
FNH:0
DA:18,0
DA:26,0
DA:34,0
DA:41,0
DA:48,0
DA:55,0
DA:62,0
DA:69,0
DA:76,0
LF:9
LH:0
BRF:0
BRH:0
end_of_record
TN:
SF:routes\routeRoutes.js
FNF:0
FNH:0
DA:12,0
DA:15,0
DA:16,0
DA:17,0
DA:20,0
DA:21,0
DA:22,0
LF:7
LH:0
BRF:0
BRH:0
end_of_record
TN:
SF:routes\seatLockRoutes.js
FNF:0
FNH:0
DA:12,0
DA:15,0
DA:16,0
DA:17,0
DA:18,0
DA:19,0
DA:20,0
DA:23,0
LF:8
LH:0
BRF:0
BRH:0
end_of_record
