TN:
SF:controllers\busController.js
FN:8,normalizeAmenities
FN:10,(anonymous_1)
FN:10,(anonymous_2)
FN:13,(anonymous_3)
FN:34,(anonymous_4)
FN:49,(anonymous_5)
FN:59,(anonymous_6)
FN:74,(anonymous_7)
FN:87,(anonymous_8)
FNF:9
FNH:8
FNDA:4,normalizeAmenities
FNDA:9,(anonymous_1)
FNDA:9,(anonymous_2)
FNDA:3,(anonymous_3)
FNDA:4,(anonymous_4)
FNDA:3,(anonymous_5)
FNDA:3,(anonymous_6)
FNDA:3,(anonymous_7)
FNDA:0,(anonymous_8)
DA:6,2
DA:9,4
DA:10,9
DA:13,2
DA:14,3
DA:15,3
DA:16,3
DA:17,3
DA:28,2
DA:30,1
DA:34,2
DA:35,4
DA:36,4
DA:37,4
DA:39,4
DA:40,4
DA:42,4
DA:43,3
DA:45,1
DA:49,2
DA:50,3
DA:51,3
DA:52,2
DA:53,1
DA:55,1
DA:59,2
DA:60,3
DA:61,3
DA:62,3
DA:64,2
DA:65,2
DA:67,2
DA:68,2
DA:70,0
DA:74,2
DA:75,3
DA:76,3
DA:77,3
DA:79,2
DA:80,1
DA:82,1
DA:87,2
DA:88,0
DA:89,0
DA:91,0
DA:92,0
DA:96,0
DA:116,0
DA:121,0
LF:49
LH:41
BRDA:9,0,0,1
BRDA:9,0,1,3
BRDA:10,1,0,9
BRDA:10,1,1,0
BRDA:10,2,0,9
BRDA:10,2,1,9
BRDA:22,3,0,3
BRDA:22,3,1,3
BRDA:39,4,0,1
BRDA:39,4,1,3
BRDA:40,5,0,1
BRDA:40,5,1,3
BRDA:52,6,0,1
BRDA:52,6,1,1
BRDA:62,7,0,1
BRDA:62,7,1,2
BRDA:65,8,0,1
BRDA:65,8,1,1
BRDA:77,9,0,1
BRDA:77,9,1,2
BRDA:91,10,0,0
BRDA:91,10,1,0
BRDA:91,11,0,0
BRDA:91,11,1,0
BRDA:91,11,2,0
BRDA:104,12,0,0
BRDA:104,12,1,0
BRDA:109,13,0,0
BRDA:109,13,1,0
BRF:29
BRH:19
end_of_record
TN:
SF:controllers\routeController.js
FN:4,(anonymous_0)
FN:20,(anonymous_1)
FN:38,(anonymous_2)
FN:50,(anonymous_3)
FN:67,(anonymous_4)
FN:90,(anonymous_5)
FN:108,(anonymous_6)
FN:124,(anonymous_7)
FNF:8
FNH:6
FNDA:3,(anonymous_0)
FNDA:2,(anonymous_1)
FNDA:3,(anonymous_2)
FNDA:3,(anonymous_3)
FNDA:2,(anonymous_4)
FNDA:0,(anonymous_5)
FNDA:2,(anonymous_6)
FNDA:0,(anonymous_7)
DA:4,1
DA:5,3
DA:6,3
DA:8,3
DA:19,2
DA:20,2
DA:29,1
DA:32,2
DA:34,1
DA:38,1
DA:39,3
DA:40,3
DA:41,3
DA:43,3
DA:44,2
DA:46,1
DA:50,1
DA:51,3
DA:52,3
DA:53,2
DA:56,1
DA:61,1
DA:63,1
DA:67,1
DA:68,2
DA:69,2
DA:70,2
DA:72,1
DA:74,1
DA:85,1
DA:87,0
DA:90,0
DA:99,0
DA:102,1
DA:104,0
DA:108,1
DA:109,2
DA:110,2
DA:111,2
DA:114,1
DA:117,1
DA:118,1
DA:120,0
DA:124,1
DA:125,0
DA:126,0
DA:130,0
DA:132,0
LF:48
LH:39
BRDA:19,0,0,1
BRDA:19,0,1,1
BRDA:19,1,0,2
BRDA:19,1,1,1
BRDA:24,2,0,2
BRDA:24,2,1,0
BRDA:41,3,0,1
BRDA:41,3,1,2
BRDA:53,4,0,1
BRDA:53,4,1,1
BRDA:70,5,0,1
BRDA:70,5,1,1
BRDA:85,6,0,0
BRDA:85,6,1,1
BRDA:85,7,0,1
BRDA:85,7,1,0
BRDA:94,8,0,0
BRDA:94,8,1,0
BRDA:111,9,0,1
BRDA:111,9,1,1
BRF:20
BRH:15
end_of_record
TN:
SF:middleware\auth.js
FN:7,(anonymous_0)
FN:47,(anonymous_1)
FN:62,(anonymous_2)
FN:79,(anonymous_3)
FNF:4
FNH:4
FNDA:6,(anonymous_0)
FNDA:3,(anonymous_1)
FNDA:3,(anonymous_2)
FNDA:4,(anonymous_3)
DA:7,3
DA:8,6
DA:10,6
DA:12,6
DA:13,1
DA:14,1
DA:15,1
DA:19,6
DA:20,1
DA:24,5
DA:27,3
DA:31,3
DA:32,1
DA:36,2
DA:37,2
DA:39,2
DA:40,2
DA:47,3
DA:48,3
DA:49,1
DA:52,2
DA:53,1
DA:56,1
DA:62,3
DA:63,3
DA:64,1
DA:67,2
DA:68,1
DA:71,1
DA:79,3
DA:80,4
DA:82,4
DA:84,4
DA:85,0
DA:86,0
DA:87,0
DA:92,4
DA:93,1
DA:94,1
DA:98,3
DA:101,2
DA:106,2
DA:107,2
DA:110,1
DA:111,1
DA:112,1
LF:46
LH:43
BRDA:12,0,0,1
BRDA:12,0,1,5
BRDA:12,1,0,6
BRDA:12,1,1,2
BRDA:14,2,0,1
BRDA:14,2,1,0
BRDA:19,3,0,1
BRDA:19,3,1,5
BRDA:31,4,0,1
BRDA:31,4,1,2
BRDA:48,5,0,1
BRDA:48,5,1,2
BRDA:52,6,0,1
BRDA:52,6,1,1
BRDA:63,7,0,1
BRDA:63,7,1,2
BRDA:67,8,0,1
BRDA:67,8,1,1
BRDA:84,9,0,0
BRDA:84,9,1,4
BRDA:84,10,0,4
BRDA:84,10,1,1
BRDA:86,11,0,0
BRDA:86,11,1,0
BRDA:92,12,0,1
BRDA:92,12,1,3
BRDA:106,13,0,2
BRDA:106,13,1,1
BRF:28
BRH:24
end_of_record
TN:
SF:utils\bookingReference.js
FN:14,generateBookingReference
FN:25,isValidBookingReference
FN:42,generateGuestIdentifier
FNF:3
FNH:3
FNDA:105,generateBookingReference
FNDA:14,isValidBookingReference
FNDA:7,generateGuestIdentifier
DA:15,105
DA:16,105
DA:17,105
DA:26,14
DA:27,5
DA:31,9
DA:32,9
DA:43,7
DA:44,7
DA:45,7
DA:46,7
LF:11
LH:11
BRDA:26,0,0,5
BRDA:26,0,1,9
BRDA:26,1,0,14
BRDA:26,1,1,12
BRDA:43,2,0,6
BRDA:43,2,1,1
BRDA:44,3,0,6
BRDA:44,3,1,1
BRF:8
BRH:8
end_of_record
